2018-12-09 23:02:44: TypeError: Cannot read property 'teacherType' of undefined
2018-12-09 23:02:44:     at /Users/dailu/Documents/homework/coursestest/routes/courses.js:141:29
2018-12-09 23:02:44:     at /Users/dailu/Documents/homework/coursestest/node_modules/mongoose/lib/model.js:4518:16
2018-12-09 23:02:44:     at cb (/Users/dailu/Documents/homework/coursestest/node_modules/mongoose/lib/query.js:1732:14)
2018-12-09 23:02:44:     at result (/Users/dailu/Documents/homework/coursestest/node_modules/mongoose/node_modules/mongodb/lib/utils.js:414:17)
2018-12-09 23:02:44:     at executeCallback (/Users/dailu/Documents/homework/coursestest/node_modules/mongoose/node_modules/mongodb/lib/utils.js:406:9)
2018-12-09 23:02:44:     at handleCallback (/Users/dailu/Documents/homework/coursestest/node_modules/mongoose/node_modules/mongodb/lib/utils.js:128:55)
2018-12-09 23:02:44:     at cursor.close (/Users/dailu/Documents/homework/coursestest/node_modules/mongoose/node_modules/mongodb/lib/operations/cursor_ops.js:211:62)
2018-12-09 23:02:44:     at handleCallback (/Users/dailu/Documents/homework/coursestest/node_modules/mongoose/node_modules/mongodb/lib/utils.js:128:55)
2018-12-09 23:02:44:     at completeClose (/Users/dailu/Documents/homework/coursestest/node_modules/mongoose/node_modules/mongodb/lib/cursor.js:893:14)
2018-12-09 23:02:44:     at Cursor.close (/Users/dailu/Documents/homework/coursestest/node_modules/mongoose/node_modules/mongodb/lib/cursor.js:912:10)
2018-12-09 23:02:44:     at cursor._next (/Users/dailu/Documents/homework/coursestest/node_modules/mongoose/node_modules/mongodb/lib/operations/cursor_ops.js:211:23)
2018-12-09 23:02:44:     at handleCallback (/Users/dailu/Documents/homework/coursestest/node_modules/mongodb-core/lib/cursor.js:203:5)
2018-12-09 23:02:44:     at _setCursorNotifiedImpl (/Users/dailu/Documents/homework/coursestest/node_modules/mongodb-core/lib/cursor.js:561:38)
2018-12-09 23:02:44:     at self._endSession (/Users/dailu/Documents/homework/coursestest/node_modules/mongodb-core/lib/cursor.js:569:46)
2018-12-09 23:02:44:     at Cursor._endSession (/Users/dailu/Documents/homework/coursestest/node_modules/mongodb-core/lib/cursor.js:194:5)
2018-12-09 23:02:44:     at Cursor._endSession (/Users/dailu/Documents/homework/coursestest/node_modules/mongoose/node_modules/mongodb/lib/cursor.js:226:59)
2018-12-09 23:11:39: /Users/dailu/Documents/homework/coursestest/routes/courses.js:99
2018-12-09 23:11:39:             res.json(courses))
2018-12-09 23:11:39:                              ^
2018-12-09 23:11:39: 
2018-12-09 23:11:39: SyntaxError: Unexpected token )
2018-12-09 23:11:39:     at new Script (vm.js:74:7)
2018-12-09 23:11:39:     at createScript (vm.js:246:10)
2018-12-09 23:11:39:     at Object.runInThisContext (vm.js:298:10)
2018-12-09 23:11:39:     at Module._compile (internal/modules/cjs/loader.js:657:28)
2018-12-09 23:11:39:     at Object.Module._extensions..js (internal/modules/cjs/loader.js:700:10)
2018-12-09 23:11:39:     at Module.load (internal/modules/cjs/loader.js:599:32)
2018-12-09 23:11:39:     at tryModuleLoad (internal/modules/cjs/loader.js:538:12)
2018-12-09 23:11:39:     at Function.Module._load (internal/modules/cjs/loader.js:530:3)
2018-12-09 23:11:39:     at Module.require (internal/modules/cjs/loader.js:637:17)
2018-12-09 23:11:39:     at require (internal/modules/cjs/helpers.js:20:18)
2018-12-09 23:11:40: /Users/dailu/Documents/homework/coursestest/routes/courses.js:99
2018-12-09 23:11:40:             res.json(courses))
2018-12-09 23:11:40:                              ^
2018-12-09 23:11:40: 
2018-12-09 23:11:40: SyntaxError: Unexpected token )
2018-12-09 23:11:40:     at new Script (vm.js:74:7)
2018-12-09 23:11:40:     at createScript (vm.js:246:10)
2018-12-09 23:11:40:     at Object.runInThisContext (vm.js:298:10)
2018-12-09 23:11:40:     at Module._compile (internal/modules/cjs/loader.js:657:28)
2018-12-09 23:11:40:     at Object.Module._extensions..js (internal/modules/cjs/loader.js:700:10)
2018-12-09 23:11:40:     at Module.load (internal/modules/cjs/loader.js:599:32)
2018-12-09 23:11:40:     at tryModuleLoad (internal/modules/cjs/loader.js:538:12)
2018-12-09 23:11:40:     at Function.Module._load (internal/modules/cjs/loader.js:530:3)
2018-12-09 23:11:40:     at Module.require (internal/modules/cjs/loader.js:637:17)
2018-12-09 23:11:40:     at require (internal/modules/cjs/helpers.js:20:18)
2018-12-09 23:11:40: /Users/dailu/Documents/homework/coursestest/routes/courses.js:99
2018-12-09 23:11:40:             res.json(courses))
2018-12-09 23:11:40:                              ^
2018-12-09 23:11:40: 
2018-12-09 23:11:40: SyntaxError: Unexpected token )
2018-12-09 23:11:40:     at new Script (vm.js:74:7)
2018-12-09 23:11:40:     at createScript (vm.js:246:10)
2018-12-09 23:11:40:     at Object.runInThisContext (vm.js:298:10)
2018-12-09 23:11:40:     at Module._compile (internal/modules/cjs/loader.js:657:28)
2018-12-09 23:11:40:     at Object.Module._extensions..js (internal/modules/cjs/loader.js:700:10)
2018-12-09 23:11:40:     at Module.load (internal/modules/cjs/loader.js:599:32)
2018-12-09 23:11:40:     at tryModuleLoad (internal/modules/cjs/loader.js:538:12)
2018-12-09 23:11:40:     at Function.Module._load (internal/modules/cjs/loader.js:530:3)
2018-12-09 23:11:40:     at Module.require (internal/modules/cjs/loader.js:637:17)
2018-12-09 23:11:40:     at require (internal/modules/cjs/helpers.js:20:18)
2018-12-09 23:11:40: /Users/dailu/Documents/homework/coursestest/routes/courses.js:99
2018-12-09 23:11:40:             res.json(courses))
2018-12-09 23:11:40:                              ^
2018-12-09 23:11:40: 
2018-12-09 23:11:40: SyntaxError: Unexpected token )
2018-12-09 23:11:40:     at new Script (vm.js:74:7)
2018-12-09 23:11:40:     at createScript (vm.js:246:10)
2018-12-09 23:11:40:     at Object.runInThisContext (vm.js:298:10)
2018-12-09 23:11:40:     at Module._compile (internal/modules/cjs/loader.js:657:28)
2018-12-09 23:11:40:     at Object.Module._extensions..js (internal/modules/cjs/loader.js:700:10)
2018-12-09 23:11:40:     at Module.load (internal/modules/cjs/loader.js:599:32)
2018-12-09 23:11:40:     at tryModuleLoad (internal/modules/cjs/loader.js:538:12)
2018-12-09 23:11:40:     at Function.Module._load (internal/modules/cjs/loader.js:530:3)
2018-12-09 23:11:40:     at Module.require (internal/modules/cjs/loader.js:637:17)
2018-12-09 23:11:40:     at require (internal/modules/cjs/helpers.js:20:18)
2018-12-09 23:11:41: /Users/dailu/Documents/homework/coursestest/routes/courses.js:99
2018-12-09 23:11:41:             res.json(courses))
2018-12-09 23:11:41:                              ^
2018-12-09 23:11:41: 
2018-12-09 23:11:41: SyntaxError: Unexpected token )
2018-12-09 23:11:41:     at new Script (vm.js:74:7)
2018-12-09 23:11:41:     at createScript (vm.js:246:10)
2018-12-09 23:11:41:     at Object.runInThisContext (vm.js:298:10)
2018-12-09 23:11:41:     at Module._compile (internal/modules/cjs/loader.js:657:28)
2018-12-09 23:11:41:     at Object.Module._extensions..js (internal/modules/cjs/loader.js:700:10)
2018-12-09 23:11:41:     at Module.load (internal/modules/cjs/loader.js:599:32)
2018-12-09 23:11:41:     at tryModuleLoad (internal/modules/cjs/loader.js:538:12)
2018-12-09 23:11:41:     at Function.Module._load (internal/modules/cjs/loader.js:530:3)
2018-12-09 23:11:41:     at Module.require (internal/modules/cjs/loader.js:637:17)
2018-12-09 23:11:41:     at require (internal/modules/cjs/helpers.js:20:18)
2018-12-09 23:11:41: /Users/dailu/Documents/homework/coursestest/routes/courses.js:99
2018-12-09 23:11:41:             res.json(courses))
2018-12-09 23:11:41:                              ^
2018-12-09 23:11:41: 
2018-12-09 23:11:41: SyntaxError: Unexpected token )
2018-12-09 23:11:41:     at new Script (vm.js:74:7)
2018-12-09 23:11:41:     at createScript (vm.js:246:10)
2018-12-09 23:11:41:     at Object.runInThisContext (vm.js:298:10)
2018-12-09 23:11:41:     at Module._compile (internal/modules/cjs/loader.js:657:28)
2018-12-09 23:11:41:     at Object.Module._extensions..js (internal/modules/cjs/loader.js:700:10)
2018-12-09 23:11:41:     at Module.load (internal/modules/cjs/loader.js:599:32)
2018-12-09 23:11:41:     at tryModuleLoad (internal/modules/cjs/loader.js:538:12)
2018-12-09 23:11:41:     at Function.Module._load (internal/modules/cjs/loader.js:530:3)
2018-12-09 23:11:41:     at Module.require (internal/modules/cjs/loader.js:637:17)
2018-12-09 23:11:41:     at require (internal/modules/cjs/helpers.js:20:18)
2018-12-09 23:11:41: /Users/dailu/Documents/homework/coursestest/routes/courses.js:99
2018-12-09 23:11:41:             res.json(courses))
2018-12-09 23:11:41:                              ^
2018-12-09 23:11:41: 
2018-12-09 23:11:41: SyntaxError: Unexpected token )
2018-12-09 23:11:41:     at new Script (vm.js:74:7)
2018-12-09 23:11:41:     at createScript (vm.js:246:10)
2018-12-09 23:11:41:     at Object.runInThisContext (vm.js:298:10)
2018-12-09 23:11:41:     at Module._compile (internal/modules/cjs/loader.js:657:28)
2018-12-09 23:11:41:     at Object.Module._extensions..js (internal/modules/cjs/loader.js:700:10)
2018-12-09 23:11:41:     at Module.load (internal/modules/cjs/loader.js:599:32)
2018-12-09 23:11:41:     at tryModuleLoad (internal/modules/cjs/loader.js:538:12)
2018-12-09 23:11:41:     at Function.Module._load (internal/modules/cjs/loader.js:530:3)
2018-12-09 23:11:41:     at Module.require (internal/modules/cjs/loader.js:637:17)
2018-12-09 23:11:41:     at require (internal/modules/cjs/helpers.js:20:18)
2018-12-09 23:11:42: /Users/dailu/Documents/homework/coursestest/routes/courses.js:99
2018-12-09 23:11:42:             res.json(courses))
2018-12-09 23:11:42:                              ^
2018-12-09 23:11:42: 
2018-12-09 23:11:42: SyntaxError: Unexpected token )
2018-12-09 23:11:42:     at new Script (vm.js:74:7)
2018-12-09 23:11:42:     at createScript (vm.js:246:10)
2018-12-09 23:11:42:     at Object.runInThisContext (vm.js:298:10)
2018-12-09 23:11:42:     at Module._compile (internal/modules/cjs/loader.js:657:28)
2018-12-09 23:11:42:     at Object.Module._extensions..js (internal/modules/cjs/loader.js:700:10)
2018-12-09 23:11:42:     at Module.load (internal/modules/cjs/loader.js:599:32)
2018-12-09 23:11:42:     at tryModuleLoad (internal/modules/cjs/loader.js:538:12)
2018-12-09 23:11:42:     at Function.Module._load (internal/modules/cjs/loader.js:530:3)
2018-12-09 23:11:42:     at Module.require (internal/modules/cjs/loader.js:637:17)
2018-12-09 23:11:42:     at require (internal/modules/cjs/helpers.js:20:18)
2018-12-09 23:11:42: /Users/dailu/Documents/homework/coursestest/routes/courses.js:99
2018-12-09 23:11:42:             res.json(courses))
2018-12-09 23:11:42:                              ^
2018-12-09 23:11:42: 
2018-12-09 23:11:42: SyntaxError: Unexpected token )
2018-12-09 23:11:42:     at new Script (vm.js:74:7)
2018-12-09 23:11:42:     at createScript (vm.js:246:10)
2018-12-09 23:11:42:     at Object.runInThisContext (vm.js:298:10)
2018-12-09 23:11:42:     at Module._compile (internal/modules/cjs/loader.js:657:28)
2018-12-09 23:11:42:     at Object.Module._extensions..js (internal/modules/cjs/loader.js:700:10)
2018-12-09 23:11:42:     at Module.load (internal/modules/cjs/loader.js:599:32)
2018-12-09 23:11:42:     at tryModuleLoad (internal/modules/cjs/loader.js:538:12)
2018-12-09 23:11:42:     at Function.Module._load (internal/modules/cjs/loader.js:530:3)
2018-12-09 23:11:42:     at Module.require (internal/modules/cjs/loader.js:637:17)
2018-12-09 23:11:42:     at require (internal/modules/cjs/helpers.js:20:18)
2018-12-09 23:11:43: /Users/dailu/Documents/homework/coursestest/routes/courses.js:99
2018-12-09 23:11:43:             res.json(courses))
2018-12-09 23:11:43:                              ^
2018-12-09 23:11:43: 
2018-12-09 23:11:43: SyntaxError: Unexpected token )
2018-12-09 23:11:43:     at new Script (vm.js:74:7)
2018-12-09 23:11:43:     at createScript (vm.js:246:10)
2018-12-09 23:11:43:     at Object.runInThisContext (vm.js:298:10)
2018-12-09 23:11:43:     at Module._compile (internal/modules/cjs/loader.js:657:28)
2018-12-09 23:11:43:     at Object.Module._extensions..js (internal/modules/cjs/loader.js:700:10)
2018-12-09 23:11:43:     at Module.load (internal/modules/cjs/loader.js:599:32)
2018-12-09 23:11:43:     at tryModuleLoad (internal/modules/cjs/loader.js:538:12)
2018-12-09 23:11:43:     at Function.Module._load (internal/modules/cjs/loader.js:530:3)
2018-12-09 23:11:43:     at Module.require (internal/modules/cjs/loader.js:637:17)
2018-12-09 23:11:43:     at require (internal/modules/cjs/helpers.js:20:18)
2018-12-09 23:11:43: /Users/dailu/Documents/homework/coursestest/routes/courses.js:99
2018-12-09 23:11:43:             res.json(courses))
2018-12-09 23:11:43:                              ^
2018-12-09 23:11:43: 
2018-12-09 23:11:43: SyntaxError: Unexpected token )
2018-12-09 23:11:43:     at new Script (vm.js:74:7)
2018-12-09 23:11:43:     at createScript (vm.js:246:10)
2018-12-09 23:11:43:     at Object.runInThisContext (vm.js:298:10)
2018-12-09 23:11:43:     at Module._compile (internal/modules/cjs/loader.js:657:28)
2018-12-09 23:11:43:     at Object.Module._extensions..js (internal/modules/cjs/loader.js:700:10)
2018-12-09 23:11:43:     at Module.load (internal/modules/cjs/loader.js:599:32)
2018-12-09 23:11:43:     at tryModuleLoad (internal/modules/cjs/loader.js:538:12)
2018-12-09 23:11:43:     at Function.Module._load (internal/modules/cjs/loader.js:530:3)
2018-12-09 23:11:43:     at Module.require (internal/modules/cjs/loader.js:637:17)
2018-12-09 23:11:43:     at require (internal/modules/cjs/helpers.js:20:18)
